  source.cpp
F:\c_jaryo\CProject\RunAndHit\TrapHeader.h(38,20): warning C4838: 'int'에서 'SHORT'(으)로의 변환에는 축소 변환이 필요합니다.
F:\c_jaryo\CProject\RunAndHit\TrapHeader.h(38,27): warning C4838: 'int'에서 'SHORT'(으)로의 변환에는 축소 변환이 필요합니다.
F:\c_jaryo\CProject\RunAndHit\TrapHeader.h(41,37): warning C4838: 'int'에서 'SHORT'(으)로의 변환에는 축소 변환이 필요합니다.
F:\c_jaryo\CProject\RunAndHit\TrapHeader.h(41,49): warning C4838: 'int'에서 'SHORT'(으)로의 변환에는 축소 변환이 필요합니다.
F:\c_jaryo\CProject\RunAndHit\TrapHeader.h(128,34): warning C4838: 'int'에서 'SHORT'(으)로의 변환에는 축소 변환이 필요합니다.
F:\c_jaryo\CProject\RunAndHit\TrapHeader.h(128,49): warning C4838: 'int'에서 'SHORT'(으)로의 변환에는 축소 변환이 필요합니다.
F:\c_jaryo\CProject\RunAndHit\TrapHeader.h(140,9): warning C4267: '인수': 'size_t'에서 'DWORD'(으)로 변환하면서 데이터가 손실될 수 있습니다.
F:\c_jaryo\CProject\RunAndHit\TrapHeader.h(157,34): warning C4838: 'int'에서 'SHORT'(으)로의 변환에는 축소 변환이 필요합니다.
F:\c_jaryo\CProject\RunAndHit\TrapHeader.h(157,49): warning C4838: 'int'에서 'SHORT'(으)로의 변환에는 축소 변환이 필요합니다.
F:\c_jaryo\CProject\RunAndHit\TrapHeader.h(168,9): warning C4267: '인수': 'size_t'에서 'DWORD'(으)로 변환하면서 데이터가 손실될 수 있습니다.
F:\c_jaryo\CProject\RunAndHit\TrapHeader.h(193,5): warning C4267: '인수': 'size_t'에서 'DWORD'(으)로 변환하면서 데이터가 손실될 수 있습니다.
F:\c_jaryo\CProject\RunAndHit\TrapHeader.h(203,30): warning C4838: 'int'에서 'SHORT'(으)로의 변환에는 축소 변환이 필요합니다.
F:\c_jaryo\CProject\RunAndHit\TrapHeader.h(203,46): warning C4838: 'int'에서 'SHORT'(으)로의 변환에는 축소 변환이 필요합니다.
F:\c_jaryo\CProject\RunAndHit\TrapHeader.h(214,5): warning C4267: '인수': 'size_t'에서 'DWORD'(으)로 변환하면서 데이터가 손실될 수 있습니다.
F:\c_jaryo\CProject\RunAndHit\TrapHeader.h(222,30): warning C4838: 'int'에서 'SHORT'(으)로의 변환에는 축소 변환이 필요합니다.
F:\c_jaryo\CProject\RunAndHit\TrapHeader.h(222,49): warning C4838: 'int'에서 'SHORT'(으)로의 변환에는 축소 변환이 필요합니다.
F:\c_jaryo\CProject\RunAndHit\TrapHeader.h(233,5): warning C4267: '인수': 'size_t'에서 'DWORD'(으)로 변환하면서 데이터가 손실될 수 있습니다.
F:\c_jaryo\CProject\RunAndHit\TrapHeader.h(257,5): warning C4267: '인수': 'size_t'에서 'DWORD'(으)로 변환하면서 데이터가 손실될 수 있습니다.
F:\c_jaryo\CProject\RunAndHit\TrapHeader.h(285,34): warning C4838: 'int'에서 'SHORT'(으)로의 변환에는 축소 변환이 필요합니다.
F:\c_jaryo\CProject\RunAndHit\TrapHeader.h(285,54): warning C4838: 'int'에서 'SHORT'(으)로의 변환에는 축소 변환이 필요합니다.
F:\c_jaryo\CProject\RunAndHit\TrapHeader.h(296,9): warning C4267: '인수': 'size_t'에서 'DWORD'(으)로 변환하면서 데이터가 손실될 수 있습니다.
F:\c_jaryo\CProject\RunAndHit\TrapHeader.h(314,34): warning C4838: 'int'에서 'SHORT'(으)로의 변환에는 축소 변환이 필요합니다.
F:\c_jaryo\CProject\RunAndHit\TrapHeader.h(314,48): warning C4838: 'int'에서 'SHORT'(으)로의 변환에는 축소 변환이 필요합니다.
F:\c_jaryo\CProject\RunAndHit\TrapHeader.h(325,9): warning C4267: '인수': 'size_t'에서 'DWORD'(으)로 변환하면서 데이터가 손실될 수 있습니다.
F:\c_jaryo\CProject\RunAndHit\TrapHeader.h(350,34): warning C4838: 'int'에서 'SHORT'(으)로의 변환에는 축소 변환이 필요합니다.
F:\c_jaryo\CProject\RunAndHit\TrapHeader.h(350,48): warning C4838: 'int'에서 'SHORT'(으)로의 변환에는 축소 변환이 필요합니다.
F:\c_jaryo\CProject\RunAndHit\TrapHeader.h(361,9): warning C4267: '인수': 'size_t'에서 'DWORD'(으)로 변환하면서 데이터가 손실될 수 있습니다.
F:\c_jaryo\CProject\RunAndHit\TrapHeader.h(390,34): warning C4838: 'int'에서 'SHORT'(으)로의 변환에는 축소 변환이 필요합니다.
F:\c_jaryo\CProject\RunAndHit\TrapHeader.h(390,48): warning C4838: 'int'에서 'SHORT'(으)로의 변환에는 축소 변환이 필요합니다.
F:\c_jaryo\CProject\RunAndHit\TrapHeader.h(401,9): warning C4267: '인수': 'size_t'에서 'DWORD'(으)로 변환하면서 데이터가 손실될 수 있습니다.
F:\c_jaryo\CProject\RunAndHit\TrapHeader.h(425,34): warning C4838: 'int'에서 'SHORT'(으)로의 변환에는 축소 변환이 필요합니다.
F:\c_jaryo\CProject\RunAndHit\TrapHeader.h(425,48): warning C4838: 'int'에서 'SHORT'(으)로의 변환에는 축소 변환이 필요합니다.
F:\c_jaryo\CProject\RunAndHit\TrapHeader.h(436,9): warning C4267: '인수': 'size_t'에서 'DWORD'(으)로 변환하면서 데이터가 손실될 수 있습니다.
F:\c_jaryo\CProject\RunAndHit\TrapHeader.h(455,34): warning C4838: 'int'에서 'SHORT'(으)로의 변환에는 축소 변환이 필요합니다.
F:\c_jaryo\CProject\RunAndHit\TrapHeader.h(455,48): warning C4838: 'int'에서 'SHORT'(으)로의 변환에는 축소 변환이 필요합니다.
F:\c_jaryo\CProject\RunAndHit\TrapHeader.h(466,9): warning C4267: '인수': 'size_t'에서 'DWORD'(으)로 변환하면서 데이터가 손실될 수 있습니다.
F:\c_jaryo\CProject\RunAndHit\TrapHeader.h(509,34): warning C4838: 'int'에서 'SHORT'(으)로의 변환에는 축소 변환이 필요합니다.
F:\c_jaryo\CProject\RunAndHit\TrapHeader.h(509,48): warning C4838: 'int'에서 'SHORT'(으)로의 변환에는 축소 변환이 필요합니다.
F:\c_jaryo\CProject\RunAndHit\TrapHeader.h(520,9): warning C4267: '인수': 'size_t'에서 'DWORD'(으)로 변환하면서 데이터가 손실될 수 있습니다.
F:\c_jaryo\CProject\RunAndHit\EnemyPlayer.h(66,46): warning C4838: 'int'에서 'SHORT'(으)로의 변환에는 축소 변환이 필요합니다.
F:\c_jaryo\CProject\RunAndHit\EnemyPlayer.h(78,9): warning C4267: '인수': 'size_t'에서 'DWORD'(으)로 변환하면서 데이터가 손실될 수 있습니다.
F:\c_jaryo\CProject\RunAndHit\EnemyPlayer.h(112,34): warning C4838: 'int'에서 'SHORT'(으)로의 변환에는 축소 변환이 필요합니다.
F:\c_jaryo\CProject\RunAndHit\EnemyPlayer.h(112,47): warning C4838: 'int'에서 'SHORT'(으)로의 변환에는 축소 변환이 필요합니다.
F:\c_jaryo\CProject\RunAndHit\EnemyPlayer.h(123,9): warning C4267: '인수': 'size_t'에서 'DWORD'(으)로 변환하면서 데이터가 손실될 수 있습니다.
F:\c_jaryo\CProject\RunAndHit\endHeader.h(46,41): warning C4838: 'int'에서 'SHORT'(으)로의 변환에는 축소 변환이 필요합니다.
F:\c_jaryo\CProject\RunAndHit\endHeader.h(57,9): warning C4267: '인수': 'size_t'에서 'DWORD'(으)로 변환하면서 데이터가 손실될 수 있습니다.
F:\c_jaryo\CProject\RunAndHit\endHeader.h(92,34): warning C4838: 'int'에서 'SHORT'(으)로의 변환에는 축소 변환이 필요합니다.
F:\c_jaryo\CProject\RunAndHit\endHeader.h(92,39): warning C4838: 'int'에서 'SHORT'(으)로의 변환에는 축소 변환이 필요합니다.
F:\c_jaryo\CProject\RunAndHit\endHeader.h(103,9): warning C4267: '인수': 'size_t'에서 'DWORD'(으)로 변환하면서 데이터가 손실될 수 있습니다.
F:\c_jaryo\CProject\RunAndHit\MainSound.h(22,26): warning C4311: '형식 캐스트': 'LPVOID'에서 'DWORD'(으)로 포인터가 잘립니다.
F:\c_jaryo\CProject\RunAndHit\MainSound.h(22,26): warning C4302: '형식 캐스트': 'LPVOID'에서 'DWORD'(으)로 잘립니다.
F:\c_jaryo\CProject\RunAndHit\MainSound.h(27,33): warning C4311: '형식 캐스트': 'LPVOID'에서 'DWORD'(으)로 포인터가 잘립니다.
F:\c_jaryo\CProject\RunAndHit\MainSound.h(27,33): warning C4302: '형식 캐스트': 'LPVOID'에서 'DWORD'(으)로 잘립니다.
  RunAndHit.vcxproj -> F:\c_jaryo\CProject\x64\Debug\RunAndHit.exe
